0 info it worked if it ends with ok
1 verbose cli [ '/usr/bin/node', '/usr/bin/npm', 'run', 'setup' ]
2 info using npm@3.5.2
3 info using node@v8.10.0
4 verbose run-script [ 'presetup', 'setup', 'postsetup' ]
5 info lifecycle react-example@1.0.0~presetup: react-example@1.0.0
6 silly lifecycle react-example@1.0.0~presetup: no script for presetup, continuing
7 info lifecycle react-example@1.0.0~setup: react-example@1.0.0
8 verbose lifecycle react-example@1.0.0~setup: unsafe-perm in lifecycle true
9 verbose lifecycle react-example@1.0.0~setup: PATH: /usr/share/npm/bin/node-gyp-bin:/home/alex/workspace/react-example/node_modules/.bin:/usr/local/sbin:/usr/local/bin:/usr/sbin:/usr/bin:/sbin:/bin:/snap/bin
10 verbose lifecycle react-example@1.0.0~setup: CWD: /home/alex/workspace/react-example
11 silly lifecycle react-example@1.0.0~setup: Args: [ '-c', 'npm install && npm run validate' ]
12 silly lifecycle react-example@1.0.0~setup: Returned: code: 1  signal: null
13 info lifecycle react-example@1.0.0~setup: Failed to exec setup script
14 verbose stack Error: react-example@1.0.0 setup: `npm install && npm run validate`
14 verbose stack Exit status 1
14 verbose stack     at EventEmitter.<anonymous> (/usr/share/npm/lib/utils/lifecycle.js:232:16)
14 verbose stack     at emitTwo (events.js:126:13)
14 verbose stack     at EventEmitter.emit (events.js:214:7)
14 verbose stack     at ChildProcess.<anonymous> (/usr/share/npm/lib/utils/spawn.js:24:14)
14 verbose stack     at emitTwo (events.js:126:13)
14 verbose stack     at ChildProcess.emit (events.js:214:7)
14 verbose stack     at maybeClose (internal/child_process.js:925:16)
14 verbose stack     at Process.ChildProcess._handle.onexit (internal/child_process.js:209:5)
15 verbose pkgid react-example@1.0.0
16 verbose cwd /home/alex/workspace/react-example
17 error Linux 4.15.0-47-generic
18 error argv "/usr/bin/node" "/usr/bin/npm" "run" "setup"
19 error node v8.10.0
20 error npm  v3.5.2
21 error code ELIFECYCLE
22 error react-example@1.0.0 setup: `npm install && npm run validate`
22 error Exit status 1
23 error Failed at the react-example@1.0.0 setup script 'npm install && npm run validate'.
23 error Make sure you have the latest version of node.js and npm installed.
23 error If you do, this is most likely a problem with the react-example package,
23 error not with npm itself.
23 error Tell the author that this fails on your system:
23 error     npm install && npm run validate
23 error You can get information on how to open an issue for this project with:
23 error     npm bugs react-example
23 error Or if that isn't available, you can get their info via:
23 error     npm owner ls react-example
23 error There is likely additional logging output above.
24 verbose exit [ 1, true ]
